<?xml version="1.0" encoding="UTF-8"?>
<coverage generated="1778615898176" clover="3.2.0">
  <project timestamp="1778615898176" name="All files">
    <metrics statements="132" coveredstatements="120" conditionals="114" coveredconditionals="87" methods="46" coveredmethods="37" elements="292" coveredelements="244" complexity="0" loc="132" ncloc="132" packages="10" files="14" classes="14"/>
    <package name="application.hooks">
      <metrics statements="87" coveredstatements="83" conditionals="61" coveredconditionals="47" methods="21" coveredmethods="19"/>
      <file name="useProductForm.ts" path="/Users/javierandresluisgonzalez/Documents/desarrollo/sofka-u/retos/reto-banco-cuenta/ejercicio-tecnico/proyecto-tecnico/frontend-rn/src/application/hooks/useProductForm.ts">
        <metrics statements="65" coveredstatements="61" conditionals="57" coveredconditionals="43" methods="15" coveredmethods="13"/>
        <line num="15" count="1" type="stmt"/>
        <line num="25" count="2" type="stmt"/>
        <line num="26" count="2" type="stmt"/>
        <line num="27" count="2" type="stmt"/>
        <line num="31" count="3" type="stmt"/>
        <line num="35" count="28" type="cond" truecount="5" falsecount="1"/>
        <line num="37" count="8" type="cond" truecount="2" falsecount="0"/>
        <line num="38" count="6" type="cond" truecount="1" falsecount="1"/>
        <line num="39" count="6" type="cond" truecount="1" falsecount="1"/>
        <line num="40" count="6" type="stmt"/>
        <line num="42" count="7" type="cond" truecount="2" falsecount="0"/>
        <line num="43" count="6" type="cond" truecount="2" falsecount="0"/>
        <line num="44" count="3" type="cond" truecount="1" falsecount="1"/>
        <line num="45" count="3" type="stmt"/>
        <line num="47" count="4" type="cond" truecount="2" falsecount="0"/>
        <line num="48" count="2" type="cond" truecount="1" falsecount="1"/>
        <line num="49" count="2" type="cond" truecount="1" falsecount="1"/>
        <line num="50" count="2" type="stmt"/>
        <line num="52" count="4" type="cond" truecount="2" falsecount="0"/>
        <line num="53" count="2" type="stmt"/>
        <line num="55" count="5" type="cond" truecount="2" falsecount="0"/>
        <line num="56" count="3" type="cond" truecount="1" falsecount="1"/>
        <line num="57" count="3" type="stmt"/>
        <line num="59" count="0" type="stmt"/>
        <line num="64" count="3" type="stmt"/>
        <line num="65" count="3" type="stmt"/>
        <line num="66" count="18" type="cond" truecount="2" falsecount="0"/>
        <line num="67" count="15" type="stmt"/>
        <line num="68" count="15" type="cond" truecount="2" falsecount="0"/>
        <line num="70" count="3" type="stmt"/>
        <line num="95" count="25" type="stmt"/>
        <line num="99" count="25" type="stmt"/>
        <line num="100" count="25" type="stmt"/>
        <line num="102" count="25" type="stmt"/>
        <line num="103" count="11" type="stmt"/>
        <line num="105" count="11" type="cond" truecount="4" falsecount="0"/>
        <line num="106" count="2" type="stmt"/>
        <line num="109" count="11" type="stmt"/>
        <line num="111" count="11" type="cond" truecount="1" falsecount="1"/>
        <line num="112" count="11" type="cond" truecount="2" falsecount="0"/>
        <line num="115" count="25" type="stmt"/>
        <line num="116" count="2" type="stmt"/>
        <line num="117" count="2" type="cond" truecount="1" falsecount="1"/>
        <line num="118" count="0" type="stmt"/>
        <line num="119" count="0" type="stmt"/>
        <line num="121" count="2" type="stmt"/>
        <line num="122" count="2" type="stmt"/>
        <line num="123" count="2" type="cond" truecount="2" falsecount="0"/>
        <line num="124" count="1" type="stmt"/>
        <line num="126" count="1" type="stmt"/>
        <line num="133" count="25" type="stmt"/>
        <line num="134" count="3" type="stmt"/>
        <line num="135" count="3" type="cond" truecount="2" falsecount="0"/>
        <line num="136" count="2" type="stmt"/>
        <line num="137" count="2" type="stmt"/>
        <line num="139" count="1" type="cond" truecount="1" falsecount="1"/>
        <line num="141" count="1" type="stmt"/>
        <line num="142" count="1" type="stmt"/>
        <line num="143" count="1" type="stmt"/>
        <line num="145" count="0" type="stmt"/>
        <line num="147" count="1" type="stmt"/>
        <line num="151" count="25" type="stmt"/>
        <line num="152" count="1" type="cond" truecount="2" falsecount="4"/>
        <line num="153" count="1" type="stmt"/>
        <line num="156" count="25" type="stmt"/>
      </file>
      <file name="useProducts.ts" path="/Users/javierandresluisgonzalez/Documents/desarrollo/sofka-u/retos/reto-banco-cuenta/ejercicio-tecnico/proyecto-tecnico/frontend-rn/src/application/hooks/useProducts.ts">
        <metrics statements="15" coveredstatements="15" conditionals="0" coveredconditionals="0" methods="3" coveredmethods="3"/>
        <line num="13" count="9" type="stmt"/>
        <line num="14" count="9" type="stmt"/>
        <line num="15" count="9" type="stmt"/>
        <line num="17" count="9" type="stmt"/>
        <line num="18" count="5" type="stmt"/>
        <line num="19" count="5" type="stmt"/>
        <line num="20" count="5" type="stmt"/>
        <line num="21" count="5" type="stmt"/>
        <line num="22" count="3" type="stmt"/>
        <line num="24" count="1" type="stmt"/>
        <line num="25" count="1" type="stmt"/>
        <line num="27" count="4" type="stmt"/>
        <line num="31" count="9" type="stmt"/>
        <line num="32" count="4" type="stmt"/>
        <line num="35" count="9" type="stmt"/>
      </file>
      <file name="useSearch.ts" path="/Users/javierandresluisgonzalez/Documents/desarrollo/sofka-u/retos/reto-banco-cuenta/ejercicio-tecnico/proyecto-tecnico/frontend-rn/src/application/hooks/useSearch.ts">
        <metrics statements="7" coveredstatements="7" conditionals="4" coveredconditionals="4" methods="3" coveredmethods="3"/>
        <line num="11" count="10" type="stmt"/>
        <line num="13" count="10" type="stmt"/>
        <line num="14" count="10" type="stmt"/>
        <line num="15" count="10" type="cond" truecount="2" falsecount="0"/>
        <line num="16" count="4" type="stmt"/>
        <line num="18" count="8" type="cond" truecount="2" falsecount="0"/>
        <line num="23" count="10" type="stmt"/>
      </file>
    </package>
    <package name="application.usecases">
      <metrics statements="4" coveredstatements="0" conditionals="0" coveredconditionals="0" methods="3" coveredmethods="0"/>
      <file name="createProduct.ts" path="/Users/javierandresluisgonzalez/Documents/desarrollo/sofka-u/retos/reto-banco-cuenta/ejercicio-tecnico/proyecto-tecnico/frontend-rn/src/application/usecases/createProduct.ts">
        <metrics statements="1" coveredstatements="0" conditionals="0" coveredconditionals="0" methods="1" coveredmethods="0"/>
        <line num="5" count="0" type="stmt"/>
      </file>
      <file name="deleteProduct.ts" path="/Users/javierandresluisgonzalez/Documents/desarrollo/sofka-u/retos/reto-banco-cuenta/ejercicio-tecnico/proyecto-tecnico/frontend-rn/src/application/usecases/deleteProduct.ts">
        <metrics statements="1" coveredstatements="0" conditionals="0" coveredconditionals="0" methods="1" coveredmethods="0"/>
        <line num="4" count="0" type="stmt"/>
      </file>
      <file name="updateProduct.ts" path="/Users/javierandresluisgonzalez/Documents/desarrollo/sofka-u/retos/reto-banco-cuenta/ejercicio-tecnico/proyecto-tecnico/frontend-rn/src/application/usecases/updateProduct.ts">
        <metrics statements="2" coveredstatements="0" conditionals="0" coveredconditionals="0" methods="1" coveredmethods="0"/>
        <line num="6" count="0" type="stmt"/>
        <line num="13" count="0" type="stmt"/>
      </file>
    </package>
    <package name="domain.models">
      <metrics statements="0" coveredstatements="0" conditionals="0" coveredconditionals="0" methods="0" coveredmethods="0"/>
      <file name="Product.ts" path="/Users/javierandresluisgonzalez/Documents/desarrollo/sofka-u/retos/reto-banco-cuenta/ejercicio-tecnico/proyecto-tecnico/frontend-rn/src/domain/models/Product.ts">
        <metrics statements="0" coveredstatements="0" conditionals="0" coveredconditionals="0" methods="0" coveredmethods="0"/>
      </file>
    </package>
    <package name="infrastructure.api">
      <metrics statements="17" coveredstatements="17" conditionals="4" coveredconditionals="3" methods="8" coveredmethods="8"/>
      <file name="productService.ts" path="/Users/javierandresluisgonzalez/Documents/desarrollo/sofka-u/retos/reto-banco-cuenta/ejercicio-tecnico/proyecto-tecnico/frontend-rn/src/infrastructure/api/productService.ts">
        <metrics statements="17" coveredstatements="17" conditionals="4" coveredconditionals="3" methods="8" coveredmethods="8"/>
        <line num="4" count="3" type="cond" truecount="2" falsecount="0"/>
        <line num="5" count="3" type="stmt"/>
        <line num="7" count="3" type="stmt"/>
        <line num="18" count="6" type="cond" truecount="1" falsecount="1"/>
        <line num="22" count="3" type="stmt"/>
        <line num="29" count="3" type="stmt"/>
        <line num="31" count="2" type="stmt"/>
        <line num="32" count="1" type="stmt"/>
        <line num="36" count="1" type="stmt"/>
        <line num="37" count="1" type="stmt"/>
        <line num="41" count="1" type="stmt"/>
        <line num="42" count="1" type="stmt"/>
        <line num="46" count="1" type="stmt"/>
        <line num="50" count="3" type="stmt"/>
        <line num="51" count="2" type="stmt"/>
        <line num="55" count="2" type="stmt"/>
        <line num="56" count="2" type="stmt"/>
      </file>
    </package>
    <package name="presentation.components.ConfirmModal">
      <metrics statements="2" coveredstatements="2" conditionals="4" coveredconditionals="4" methods="1" coveredmethods="1"/>
      <file name="ConfirmModal.tsx" path="/Users/javierandresluisgonzalez/Documents/desarrollo/sofka-u/retos/reto-banco-cuenta/ejercicio-tecnico/proyecto-tecnico/frontend-rn/src/presentation/components/ConfirmModal/ConfirmModal.tsx">
        <metrics statements="2" coveredstatements="2" conditionals="4" coveredconditionals="4" methods="1" coveredmethods="1"/>
        <line num="12" count="6" type="stmt"/>
        <line num="52" count="1" type="stmt"/>
      </file>
    </package>
    <package name="presentation.components.ProductCard">
      <metrics statements="3" coveredstatements="3" conditionals="2" coveredconditionals="2" methods="2" coveredmethods="2"/>
      <file name="ProductCard.tsx" path="/Users/javierandresluisgonzalez/Documents/desarrollo/sofka-u/retos/reto-banco-cuenta/ejercicio-tecnico/proyecto-tecnico/frontend-rn/src/presentation/components/ProductCard/ProductCard.tsx">
        <metrics statements="3" coveredstatements="3" conditionals="2" coveredconditionals="2" methods="2" coveredmethods="2"/>
        <line num="10" count="7" type="stmt"/>
        <line num="13" count="1" type="stmt"/>
        <line num="37" count="2" type="stmt"/>
      </file>
    </package>
    <package name="presentation.components.ProductForm">
      <metrics statements="7" coveredstatements="3" conditionals="35" coveredconditionals="23" methods="6" coveredmethods="2"/>
      <file name="ProductForm.tsx" path="/Users/javierandresluisgonzalez/Documents/desarrollo/sofka-u/retos/reto-banco-cuenta/ejercicio-tecnico/proyecto-tecnico/frontend-rn/src/presentation/components/ProductForm/ProductForm.tsx">
        <metrics statements="7" coveredstatements="3" conditionals="35" coveredconditionals="23" methods="6" coveredmethods="2"/>
        <line num="36" count="8" type="stmt"/>
        <line num="53" count="0" type="stmt"/>
        <line num="68" count="1" type="stmt"/>
        <line num="80" count="0" type="stmt"/>
        <line num="95" count="0" type="stmt"/>
        <line num="109" count="0" type="stmt"/>
        <line num="154" count="1" type="stmt"/>
      </file>
    </package>
    <package name="presentation.components.ProductList">
      <metrics statements="8" coveredstatements="8" conditionals="4" coveredconditionals="4" methods="3" coveredmethods="3"/>
      <file name="ProductList.tsx" path="/Users/javierandresluisgonzalez/Documents/desarrollo/sofka-u/retos/reto-banco-cuenta/ejercicio-tecnico/proyecto-tecnico/frontend-rn/src/presentation/components/ProductList/ProductList.tsx">
        <metrics statements="8" coveredstatements="8" conditionals="4" coveredconditionals="4" methods="3" coveredmethods="3"/>
        <line num="12" count="4" type="cond" truecount="2" falsecount="0"/>
        <line num="13" count="1" type="stmt"/>
        <line num="21" count="3" type="cond" truecount="2" falsecount="0"/>
        <line num="22" count="1" type="stmt"/>
        <line num="29" count="2" type="stmt"/>
        <line num="32" count="3" type="stmt"/>
        <line num="33" count="2" type="stmt"/>
        <line num="44" count="1" type="stmt"/>
      </file>
    </package>
    <package name="presentation.components.RecordCount">
      <metrics statements="2" coveredstatements="2" conditionals="4" coveredconditionals="4" methods="1" coveredmethods="1"/>
      <file name="RecordCount.tsx" path="/Users/javierandresluisgonzalez/Documents/desarrollo/sofka-u/retos/reto-banco-cuenta/ejercicio-tecnico/proyecto-tecnico/frontend-rn/src/presentation/components/RecordCount/RecordCount.tsx">
        <metrics statements="2" coveredstatements="2" conditionals="4" coveredconditionals="4" methods="1" coveredmethods="1"/>
        <line num="8" count="3" type="stmt"/>
        <line num="19" count="1" type="stmt"/>
      </file>
    </package>
    <package name="presentation.components.SearchBar">
      <metrics statements="2" coveredstatements="2" conditionals="0" coveredconditionals="0" methods="1" coveredmethods="1"/>
      <file name="SearchBar.tsx" path="/Users/javierandresluisgonzalez/Documents/desarrollo/sofka-u/retos/reto-banco-cuenta/ejercicio-tecnico/proyecto-tecnico/frontend-rn/src/presentation/components/SearchBar/SearchBar.tsx">
        <metrics statements="2" coveredstatements="2" conditionals="0" coveredconditionals="0" methods="1" coveredmethods="1"/>
        <line num="9" count="4" type="stmt"/>
        <line num="22" count="1" type="stmt"/>
      </file>
    </package>
  </project>
</coverage>
