{"/Users/javierandresluisgonzalez/Documents/desarrollo/sofka-u/retos/reto-banco-cuenta/ejercicio-tecnico/proyecto-tecnico/frontend-rn/src/application/hooks/useProductForm.ts": {"path":"/Users/javierandresluisgonzalez/Documents/desarrollo/sofka-u/retos/reto-banco-cuenta/ejercicio-tecnico/proyecto-tecnico/frontend-rn/src/application/hooks/useProductForm.ts","statementMap":{"0":{"start":{"line":15,"column":40},"end":{"line":22,"column":1}},"1":{"start":{"line":25,"column":12},"end":{"line":25,"column":43}},"2":{"start":{"line":26,"column":2},"end":{"line":26,"column":37}},"3":{"start":{"line":27,"column":2},"end":{"line":27,"column":39}},"4":{"start":{"line":31,"column":2},"end":{"line":31,"column":48}},"5":{"start":{"line":35,"column":2},"end":{"line":60,"column":3}},"6":{"start":{"line":37,"column":6},"end":{"line":37,"column":50}},"7":{"start":{"line":37,"column":25},"end":{"line":37,"column":50}},"8":{"start":{"line":38,"column":6},"end":{"line":38,"column":71}},"9":{"start":{"line":38,"column":28},"end":{"line":38,"column":71}},"10":{"start":{"line":39,"column":6},"end":{"line":39,"column":73}},"11":{"start":{"line":39,"column":29},"end":{"line":39,"column":73}},"12":{"start":{"line":40,"column":6},"end":{"line":40,"column":16}},"13":{"start":{"line":42,"column":6},"end":{"line":42,"column":54}},"14":{"start":{"line":42,"column":25},"end":{"line":42,"column":54}},"15":{"start":{"line":43,"column":6},"end":{"line":43,"column":75}},"16":{"start":{"line":43,"column":28},"end":{"line":43,"column":75}},"17":{"start":{"line":44,"column":6},"end":{"line":44,"column":79}},"18":{"start":{"line":44,"column":30},"end":{"line":44,"column":79}},"19":{"start":{"line":45,"column":6},"end":{"line":45,"column":16}},"20":{"start":{"line":47,"column":6},"end":{"line":47,"column":59}},"21":{"start":{"line":47,"column":25},"end":{"line":47,"column":59}},"22":{"start":{"line":48,"column":6},"end":{"line":48,"column":82}},"23":{"start":{"line":48,"column":29},"end":{"line":48,"column":82}},"24":{"start":{"line":49,"column":6},"end":{"line":49,"column":84}},"25":{"start":{"line":49,"column":30},"end":{"line":49,"column":84}},"26":{"start":{"line":50,"column":6},"end":{"line":50,"column":16}},"27":{"start":{"line":52,"column":6},"end":{"line":52,"column":52}},"28":{"start":{"line":52,"column":25},"end":{"line":52,"column":52}},"29":{"start":{"line":53,"column":6},"end":{"line":53,"column":16}},"30":{"start":{"line":55,"column":6},"end":{"line":55,"column":60}},"31":{"start":{"line":55,"column":18},"end":{"line":55,"column":60}},"32":{"start":{"line":56,"column":6},"end":{"line":56,"column":77}},"33":{"start":{"line":56,"column":30},"end":{"line":56,"column":77}},"34":{"start":{"line":57,"column":6},"end":{"line":57,"column":16}},"35":{"start":{"line":59,"column":6},"end":{"line":59,"column":16}},"36":{"start":{"line":64,"column":36},"end":{"line":64,"column":38}},"37":{"start":{"line":65,"column":2},"end":{"line":69,"column":5}},"38":{"start":{"line":66,"column":4},"end":{"line":66,"column":40}},"39":{"start":{"line":66,"column":33},"end":{"line":66,"column":40}},"40":{"start":{"line":67,"column":16},"end":{"line":67,"column":47}},"41":{"start":{"line":68,"column":4},"end":{"line":68,"column":31}},"42":{"start":{"line":68,"column":13},"end":{"line":68,"column":31}},"43":{"start":{"line":70,"column":2},"end":{"line":70,"column":16}},"44":{"start":{"line":95,"column":30},"end":{"line":98,"column":4}},"45":{"start":{"line":99,"column":30},"end":{"line":99,"column":61}},"46":{"start":{"line":100,"column":42},"end":{"line":100,"column":57}},"47":{"start":{"line":102,"column":23},"end":{"line":113,"column":3}},"48":{"start":{"line":103,"column":20},"end":{"line":103,"column":69}},"49":{"start":{"line":105,"column":4},"end":{"line":107,"column":5}},"50":{"start":{"line":106,"column":6},"end":{"line":106,"column":48}},"51":{"start":{"line":109,"column":4},"end":{"line":109,"column":23}},"52":{"start":{"line":111,"column":23},"end":{"line":111,"column":81}},"53":{"start":{"line":112,"column":4},"end":{"line":112,"column":91}},"54":{"start":{"line":112,"column":25},"end":{"line":112,"column":88}},"55":{"start":{"line":115,"column":23},"end":{"line":131,"column":3}},"56":{"start":{"line":116,"column":20},"end":{"line":116,"column":50}},"57":{"start":{"line":117,"column":4},"end":{"line":120,"column":5}},"58":{"start":{"line":118,"column":6},"end":{"line":118,"column":54}},"59":{"start":{"line":118,"column":27},"end":{"line":118,"column":51}},"60":{"start":{"line":119,"column":6},"end":{"line":119,"column":13}},"61":{"start":{"line":121,"column":4},"end":{"line":130,"column":5}},"62":{"start":{"line":122,"column":21},"end":{"line":122,"column":61}},"63":{"start":{"line":123,"column":6},"end":{"line":127,"column":7}},"64":{"start":{"line":124,"column":8},"end":{"line":124,"column":67}},"65":{"start":{"line":124,"column":29},"end":{"line":124,"column":64}},"66":{"start":{"line":126,"column":8},"end":{"line":126,"column":58}},"67":{"start":{"line":126,"column":29},"end":{"line":126,"column":55}},"68":{"start":{"line":133,"column":23},"end":{"line":149,"column":3}},"69":{"start":{"line":134,"column":29},"end":{"line":134,"column":48}},"70":{"start":{"line":135,"column":4},"end":{"line":138,"column":5}},"71":{"start":{"line":136,"column":6},"end":{"line":136,"column":34}},"72":{"start":{"line":137,"column":6},"end":{"line":137,"column":13}},"73":{"start":{"line":139,"column":4},"end":{"line":139,"column":26}},"74":{"start":{"line":139,"column":19},"end":{"line":139,"column":26}},"75":{"start":{"line":141,"column":4},"end":{"line":141,"column":26}},"76":{"start":{"line":142,"column":4},"end":{"line":148,"column":5}},"77":{"start":{"line":143,"column":6},"end":{"line":143,"column":30}},"78":{"start":{"line":145,"column":6},"end":{"line":145,"column":102}},"79":{"start":{"line":145,"column":27},"end":{"line":145,"column":99}},"80":{"start":{"line":147,"column":6},"end":{"line":147,"column":29}},"81":{"start":{"line":151,"column":22},"end":{"line":154,"column":3}},"82":{"start":{"line":152,"column":4},"end":{"line":152,"column":106}},"83":{"start":{"line":153,"column":4},"end":{"line":153,"column":18}},"84":{"start":{"line":156,"column":2},"end":{"line":156,"column":108}}},"fnMap":{"0":{"name":"addOneYear","decl":{"start":{"line":24,"column":9},"end":{"line":24,"column":19}},"loc":{"start":{"line":24,"column":45},"end":{"line":28,"column":1}},"line":24},"1":{"name":"todayStr","decl":{"start":{"line":30,"column":9},"end":{"line":30,"column":17}},"loc":{"start":{"line":30,"column":28},"end":{"line":32,"column":1}},"line":30},"2":{"name":"validateField","decl":{"start":{"line":34,"column":9},"end":{"line":34,"column":22}},"loc":{"start":{"line":34,"column":77},"end":{"line":61,"column":1}},"line":34},"3":{"name":"validateAll","decl":{"start":{"line":63,"column":9},"end":{"line":63,"column":20}},"loc":{"start":{"line":63,"column":67},"end":{"line":71,"column":1}},"line":63},"4":{"name":"(anonymous_4)","decl":{"start":{"line":65,"column":66},"end":{"line":65,"column":67}},"loc":{"start":{"line":65,"column":75},"end":{"line":69,"column":3}},"line":65},"5":{"name":"useProductForm","decl":{"start":{"line":90,"column":16},"end":{"line":90,"column":30}},"loc":{"start":{"line":94,"column":48},"end":{"line":157,"column":1}},"line":94},"6":{"name":"(anonymous_6)","decl":{"start":{"line":102,"column":23},"end":{"line":102,"column":24}},"loc":{"start":{"line":102,"column":73},"end":{"line":113,"column":3}},"line":102},"7":{"name":"(anonymous_7)","decl":{"start":{"line":112,"column":14},"end":{"line":112,"column":15}},"loc":{"start":{"line":112,"column":25},"end":{"line":112,"column":88}},"line":112},"8":{"name":"(anonymous_8)","decl":{"start":{"line":115,"column":23},"end":{"line":115,"column":24}},"loc":{"start":{"line":115,"column":35},"end":{"line":131,"column":3}},"line":115},"9":{"name":"(anonymous_9)","decl":{"start":{"line":118,"column":16},"end":{"line":118,"column":17}},"loc":{"start":{"line":118,"column":27},"end":{"line":118,"column":51}},"line":118},"10":{"name":"(anonymous_10)","decl":{"start":{"line":124,"column":18},"end":{"line":124,"column":19}},"loc":{"start":{"line":124,"column":29},"end":{"line":124,"column":64}},"line":124},"11":{"name":"(anonymous_11)","decl":{"start":{"line":126,"column":18},"end":{"line":126,"column":19}},"loc":{"start":{"line":126,"column":29},"end":{"line":126,"column":55}},"line":126},"12":{"name":"(anonymous_12)","decl":{"start":{"line":133,"column":23},"end":{"line":133,"column":24}},"loc":{"start":{"line":133,"column":35},"end":{"line":149,"column":3}},"line":133},"13":{"name":"(anonymous_13)","decl":{"start":{"line":145,"column":16},"end":{"line":145,"column":17}},"loc":{"start":{"line":145,"column":27},"end":{"line":145,"column":99}},"line":145},"14":{"name":"(anonymous_14)","decl":{"start":{"line":151,"column":22},"end":{"line":151,"column":23}},"loc":{"start":{"line":151,"column":28},"end":{"line":154,"column":3}},"line":151}},"branchMap":{"0":{"loc":{"start":{"line":35,"column":2},"end":{"line":60,"column":3}},"type":"switch","locations":[{"start":{"line":36,"column":4},"end":{"line":40,"column":16}},{"start":{"line":41,"column":4},"end":{"line":45,"column":16}},{"start":{"line":46,"column":4},"end":{"line":50,"column":16}},{"start":{"line":51,"column":4},"end":{"line":53,"column":16}},{"start":{"line":54,"column":4},"end":{"line":57,"column":16}},{"start":{"line":58,"column":4},"end":{"line":59,"column":16}}],"line":35},"1":{"loc":{"start":{"line":37,"column":6},"end":{"line":37,"column":50}},"type":"if","locations":[{"start":{"line":37,"column":6},"end":{"line":37,"column":50}},{"start":{},"end":{}}],"line":37},"2":{"loc":{"start":{"line":38,"column":6},"end":{"line":38,"column":71}},"type":"if","locations":[{"start":{"line":38,"column":6},"end":{"line":38,"column":71}},{"start":{},"end":{}}],"line":38},"3":{"loc":{"start":{"line":39,"column":6},"end":{"line":39,"column":73}},"type":"if","locations":[{"start":{"line":39,"column":6},"end":{"line":39,"column":73}},{"start":{},"end":{}}],"line":39},"4":{"loc":{"start":{"line":42,"column":6},"end":{"line":42,"column":54}},"type":"if","locations":[{"start":{"line":42,"column":6},"end":{"line":42,"column":54}},{"start":{},"end":{}}],"line":42},"5":{"loc":{"start":{"line":43,"column":6},"end":{"line":43,"column":75}},"type":"if","locations":[{"start":{"line":43,"column":6},"end":{"line":43,"column":75}},{"start":{},"end":{}}],"line":43},"6":{"loc":{"start":{"line":44,"column":6},"end":{"line":44,"column":79}},"type":"if","locations":[{"start":{"line":44,"column":6},"end":{"line":44,"column":79}},{"start":{},"end":{}}],"line":44},"7":{"loc":{"start":{"line":47,"column":6},"end":{"line":47,"column":59}},"type":"if","locations":[{"start":{"line":47,"column":6},"end":{"line":47,"column":59}},{"start":{},"end":{}}],"line":47},"8":{"loc":{"start":{"line":48,"column":6},"end":{"line":48,"column":82}},"type":"if","locations":[{"start":{"line":48,"column":6},"end":{"line":48,"column":82}},{"start":{},"end":{}}],"line":48},"9":{"loc":{"start":{"line":49,"column":6},"end":{"line":49,"column":84}},"type":"if","locations":[{"start":{"line":49,"column":6},"end":{"line":49,"column":84}},{"start":{},"end":{}}],"line":49},"10":{"loc":{"start":{"line":52,"column":6},"end":{"line":52,"column":52}},"type":"if","locations":[{"start":{"line":52,"column":6},"end":{"line":52,"column":52}},{"start":{},"end":{}}],"line":52},"11":{"loc":{"start":{"line":55,"column":6},"end":{"line":55,"column":60}},"type":"if","locations":[{"start":{"line":55,"column":6},"end":{"line":55,"column":60}},{"start":{},"end":{}}],"line":55},"12":{"loc":{"start":{"line":56,"column":6},"end":{"line":56,"column":77}},"type":"if","locations":[{"start":{"line":56,"column":6},"end":{"line":56,"column":77}},{"start":{},"end":{}}],"line":56},"13":{"loc":{"start":{"line":66,"column":4},"end":{"line":66,"column":40}},"type":"if","locations":[{"start":{"line":66,"column":4},"end":{"line":66,"column":40}},{"start":{},"end":{}}],"line":66},"14":{"loc":{"start":{"line":68,"column":4},"end":{"line":68,"column":31}},"type":"if","locations":[{"start":{"line":68,"column":4},"end":{"line":68,"column":31}},{"start":{},"end":{}}],"line":68},"15":{"loc":{"start":{"line":92,"column":2},"end":{"line":92,"column":19}},"type":"default-arg","locations":[{"start":{"line":92,"column":14},"end":{"line":92,"column":19}}],"line":92},"16":{"loc":{"start":{"line":105,"column":4},"end":{"line":107,"column":5}},"type":"if","locations":[{"start":{"line":105,"column":4},"end":{"line":107,"column":5}},{"start":{},"end":{}}],"line":105},"17":{"loc":{"start":{"line":105,"column":8},"end":{"line":105,"column":40}},"type":"binary-expr","locations":[{"start":{"line":105,"column":8},"end":{"line":105,"column":31}},{"start":{"line":105,"column":35},"end":{"line":105,"column":40}}],"line":105},"18":{"loc":{"start":{"line":111,"column":23},"end":{"line":111,"column":81}},"type":"cond-expr","locations":[{"start":{"line":111,"column":50},"end":{"line":111,"column":76}},{"start":{"line":111,"column":79},"end":{"line":111,"column":81}}],"line":111},"19":{"loc":{"start":{"line":112,"column":44},"end":{"line":112,"column":67}},"type":"binary-expr","locations":[{"start":{"line":112,"column":44},"end":{"line":112,"column":54}},{"start":{"line":112,"column":58},"end":{"line":112,"column":67}}],"line":112},"20":{"loc":{"start":{"line":117,"column":4},"end":{"line":120,"column":5}},"type":"if","locations":[{"start":{"line":117,"column":4},"end":{"line":120,"column":5}},{"start":{},"end":{}}],"line":117},"21":{"loc":{"start":{"line":123,"column":6},"end":{"line":127,"column":7}},"type":"if","locations":[{"start":{"line":123,"column":6},"end":{"line":127,"column":7}},{"start":{"line":125,"column":13},"end":{"line":127,"column":7}}],"line":123},"22":{"loc":{"start":{"line":135,"column":4},"end":{"line":138,"column":5}},"type":"if","locations":[{"start":{"line":135,"column":4},"end":{"line":138,"column":5}},{"start":{},"end":{}}],"line":135},"23":{"loc":{"start":{"line":139,"column":4},"end":{"line":139,"column":26}},"type":"if","locations":[{"start":{"line":139,"column":4},"end":{"line":139,"column":26}},{"start":{},"end":{}}],"line":139},"24":{"loc":{"start":{"line":152,"column":37},"end":{"line":152,"column":101}},"type":"cond-expr","locations":[{"start":{"line":152,"column":66},"end":{"line":152,"column":96}},{"start":{"line":152,"column":99},"end":{"line":152,"column":101}}],"line":152},"25":{"loc":{"start":{"line":152,"column":37},"end":{"line":152,"column":63}},"type":"binary-expr","locations":[{"start":{"line":152,"column":37},"end":{"line":152,"column":46}},{"start":{"line":152,"column":50},"end":{"line":152,"column":63}}],"line":152},"26":{"loc":{"start":{"line":152,"column":72},"end":{"line":152,"column":94}},"type":"binary-expr","locations":[{"start":{"line":152,"column":72},"end":{"line":152,"column":88}},{"start":{"line":152,"column":92},"end":{"line":152,"column":94}}],"line":152}},"s":{"0":1,"1":2,"2":2,"3":2,"4":3,"5":28,"6":8,"7":2,"8":6,"9":0,"10":6,"11":0,"12":6,"13":7,"14":1,"15":6,"16":3,"17":3,"18":0,"19":3,"20":4,"21":2,"22":2,"23":0,"24":2,"25":0,"26":2,"27":4,"28":2,"29":2,"30":5,"31":2,"32":3,"33":0,"34":3,"35":0,"36":3,"37":3,"38":18,"39":3,"40":15,"41":15,"42":10,"43":3,"44":25,"45":25,"46":25,"47":25,"48":11,"49":11,"50":2,"51":11,"52":11,"53":11,"54":11,"55":25,"56":2,"57":2,"58":0,"59":0,"60":0,"61":2,"62":2,"63":2,"64":1,"65":1,"66":1,"67":1,"68":25,"69":3,"70":3,"71":2,"72":2,"73":1,"74":0,"75":1,"76":1,"77":1,"78":0,"79":0,"80":1,"81":25,"82":1,"83":1,"84":25},"f":{"0":2,"1":3,"2":28,"3":3,"4":18,"5":25,"6":11,"7":11,"8":2,"9":0,"10":1,"11":1,"12":3,"13":0,"14":1},"b":{"0":[8,7,4,4,5,0],"1":[2,6],"2":[0,6],"3":[0,6],"4":[1,6],"5":[3,3],"6":[0,3],"7":[2,2],"8":[0,2],"9":[0,2],"10":[2,2],"11":[2,3],"12":[0,3],"13":[3,15],"14":[10,5],"15":[25],"16":[2,9],"17":[11,2],"18":[11,0],"19":[11,9],"20":[0,2],"21":[1,1],"22":[2,1],"23":[0,1],"24":[0,1],"25":[1,0],"26":[0,0]},"_coverageSchema":"1a1c01bbd47fc00a2c39e90264f33305004495a9","hash":"aa168b6e87c4511f1808f2f058a179a6fbf5438f"}
,"/Users/javierandresluisgonzalez/Documents/desarrollo/sofka-u/retos/reto-banco-cuenta/ejercicio-tecnico/proyecto-tecnico/frontend-rn/src/application/hooks/useProducts.ts": {"path":"/Users/javierandresluisgonzalez/Documents/desarrollo/sofka-u/retos/reto-banco-cuenta/ejercicio-tecnico/proyecto-tecnico/frontend-rn/src/application/hooks/useProducts.ts","statementMap":{"0":{"start":{"line":13,"column":34},"end":{"line":13,"column":57}},"1":{"start":{"line":14,"column":32},"end":{"line":14,"column":46}},"2":{"start":{"line":15,"column":28},"end":{"line":15,"column":57}},"3":{"start":{"line":17,"column":24},"end":{"line":29,"column":3}},"4":{"start":{"line":18,"column":4},"end":{"line":18,"column":21}},"5":{"start":{"line":19,"column":4},"end":{"line":19,"column":19}},"6":{"start":{"line":20,"column":4},"end":{"line":28,"column":5}},"7":{"start":{"line":21,"column":19},"end":{"line":21,"column":48}},"8":{"start":{"line":22,"column":6},"end":{"line":22,"column":24}},"9":{"start":{"line":24,"column":6},"end":{"line":24,"column":101}},"10":{"start":{"line":25,"column":6},"end":{"line":25,"column":22}},"11":{"start":{"line":27,"column":6},"end":{"line":27,"column":24}},"12":{"start":{"line":31,"column":2},"end":{"line":33,"column":9}},"13":{"start":{"line":32,"column":4},"end":{"line":32,"column":20}},"14":{"start":{"line":35,"column":2},"end":{"line":35,"column":62}}},"fnMap":{"0":{"name":"useProducts","decl":{"start":{"line":12,"column":16},"end":{"line":12,"column":27}},"loc":{"start":{"line":12,"column":49},"end":{"line":36,"column":1}},"line":12},"1":{"name":"(anonymous_1)","decl":{"start":{"line":17,"column":24},"end":{"line":17,"column":25}},"loc":{"start":{"line":17,"column":36},"end":{"line":29,"column":3}},"line":17},"2":{"name":"(anonymous_2)","decl":{"start":{"line":31,"column":12},"end":{"line":31,"column":13}},"loc":{"start":{"line":31,"column":18},"end":{"line":33,"column":3}},"line":31}},"branchMap":{},"s":{"0":9,"1":9,"2":9,"3":9,"4":5,"5":5,"6":5,"7":5,"8":3,"9":1,"10":1,"11":4,"12":9,"13":4,"14":9},"f":{"0":9,"1":5,"2":4},"b":{},"_coverageSchema":"1a1c01bbd47fc00a2c39e90264f33305004495a9","hash":"e10620487cf1647d25f8223ab126bc8cef700767"}
,"/Users/javierandresluisgonzalez/Documents/desarrollo/sofka-u/retos/reto-banco-cuenta/ejercicio-tecnico/proyecto-tecnico/frontend-rn/src/application/hooks/useSearch.ts": {"path":"/Users/javierandresluisgonzalez/Documents/desarrollo/sofka-u/retos/reto-banco-cuenta/ejercicio-tecnico/proyecto-tecnico/frontend-rn/src/application/hooks/useSearch.ts","statementMap":{"0":{"start":{"line":11,"column":38},"end":{"line":11,"column":50}},"1":{"start":{"line":13,"column":27},"end":{"line":21,"column":28}},"2":{"start":{"line":14,"column":17},"end":{"line":14,"column":48}},"3":{"start":{"line":15,"column":4},"end":{"line":15,"column":31}},"4":{"start":{"line":15,"column":15},"end":{"line":15,"column":31}},"5":{"start":{"line":16,"column":4},"end":{"line":20,"column":6}},"6":{"start":{"line":18,"column":8},"end":{"line":19,"column":50}},"7":{"start":{"line":23,"column":2},"end":{"line":23,"column":57}}},"fnMap":{"0":{"name":"useSearch","decl":{"start":{"line":10,"column":16},"end":{"line":10,"column":25}},"loc":{"start":{"line":10,"column":64},"end":{"line":24,"column":1}},"line":10},"1":{"name":"(anonymous_1)","decl":{"start":{"line":13,"column":35},"end":{"line":13,"column":36}},"loc":{"start":{"line":13,"column":41},"end":{"line":21,"column":3}},"line":13},"2":{"name":"(anonymous_2)","decl":{"start":{"line":17,"column":6},"end":{"line":17,"column":7}},"loc":{"start":{"line":18,"column":8},"end":{"line":19,"column":50}},"line":18}},"branchMap":{"0":{"loc":{"start":{"line":15,"column":4},"end":{"line":15,"column":31}},"type":"if","locations":[{"start":{"line":15,"column":4},"end":{"line":15,"column":31}},{"start":{},"end":{}}],"line":15},"1":{"loc":{"start":{"line":18,"column":8},"end":{"line":19,"column":50}},"type":"binary-expr","locations":[{"start":{"line":18,"column":8},"end":{"line":18,"column":43}},{"start":{"line":19,"column":8},"end":{"line":19,"column":50}}],"line":18}},"s":{"0":10,"1":10,"2":10,"3":10,"4":6,"5":4,"6":8,"7":10},"f":{"0":10,"1":10,"2":8},"b":{"0":[6,4],"1":[8,6]},"_coverageSchema":"1a1c01bbd47fc00a2c39e90264f33305004495a9","hash":"8db0529742e5c43efeb50b012619869ba988163f"}
,"/Users/javierandresluisgonzalez/Documents/desarrollo/sofka-u/retos/reto-banco-cuenta/ejercicio-tecnico/proyecto-tecnico/frontend-rn/src/application/usecases/createProduct.ts": {"path":"/Users/javierandresluisgonzalez/Documents/desarrollo/sofka-u/retos/reto-banco-cuenta/ejercicio-tecnico/proyecto-tecnico/frontend-rn/src/application/usecases/createProduct.ts","statementMap":{"0":{"start":{"line":5,"column":2},"end":{"line":5,"column":40}}},"fnMap":{"0":{"name":"createProduct","decl":{"start":{"line":4,"column":22},"end":{"line":4,"column":35}},"loc":{"start":{"line":4,"column":85},"end":{"line":6,"column":1}},"line":4}},"branchMap":{},"s":{"0":0},"f":{"0":0},"b":{}}
,"/Users/javierandresluisgonzalez/Documents/desarrollo/sofka-u/retos/reto-banco-cuenta/ejercicio-tecnico/proyecto-tecnico/frontend-rn/src/application/usecases/deleteProduct.ts": {"path":"/Users/javierandresluisgonzalez/Documents/desarrollo/sofka-u/retos/reto-banco-cuenta/ejercicio-tecnico/proyecto-tecnico/frontend-rn/src/application/usecases/deleteProduct.ts","statementMap":{"0":{"start":{"line":4,"column":2},"end":{"line":4,"column":35}}},"fnMap":{"0":{"name":"deleteProduct","decl":{"start":{"line":3,"column":22},"end":{"line":3,"column":35}},"loc":{"start":{"line":3,"column":63},"end":{"line":5,"column":1}},"line":3}},"branchMap":{},"s":{"0":0},"f":{"0":0},"b":{}}
,"/Users/javierandresluisgonzalez/Documents/desarrollo/sofka-u/retos/reto-banco-cuenta/ejercicio-tecnico/proyecto-tecnico/frontend-rn/src/application/usecases/updateProduct.ts": {"path":"/Users/javierandresluisgonzalez/Documents/desarrollo/sofka-u/retos/reto-banco-cuenta/ejercicio-tecnico/proyecto-tecnico/frontend-rn/src/application/usecases/updateProduct.ts","statementMap":{"0":{"start":{"line":6,"column":40},"end":{"line":12,"column":3}},"1":{"start":{"line":13,"column":2},"end":{"line":13,"column":44}}},"fnMap":{"0":{"name":"updateProduct","decl":{"start":{"line":5,"column":22},"end":{"line":5,"column":35}},"loc":{"start":{"line":5,"column":93},"end":{"line":14,"column":1}},"line":5}},"branchMap":{},"s":{"0":0,"1":0},"f":{"0":0},"b":{}}
,"/Users/javierandresluisgonzalez/Documents/desarrollo/sofka-u/retos/reto-banco-cuenta/ejercicio-tecnico/proyecto-tecnico/frontend-rn/src/domain/models/Product.ts": {"path":"/Users/javierandresluisgonzalez/Documents/desarrollo/sofka-u/retos/reto-banco-cuenta/ejercicio-tecnico/proyecto-tecnico/frontend-rn/src/domain/models/Product.ts","statementMap":{},"fnMap":{},"branchMap":{},"s":{},"f":{},"b":{}}
,"/Users/javierandresluisgonzalez/Documents/desarrollo/sofka-u/retos/reto-banco-cuenta/ejercicio-tecnico/proyecto-tecnico/frontend-rn/src/infrastructure/api/productService.ts": {"path":"/Users/javierandresluisgonzalez/Documents/desarrollo/sofka-u/retos/reto-banco-cuenta/ejercicio-tecnico/proyecto-tecnico/frontend-rn/src/infrastructure/api/productService.ts","statementMap":{"0":{"start":{"line":4,"column":17},"end":{"line":4,"column":80}},"1":{"start":{"line":5,"column":22},"end":{"line":5,"column":36}},"2":{"start":{"line":7,"column":27},"end":{"line":7,"column":62}},"3":{"start":{"line":18,"column":2},"end":{"line":18,"column":48}},"4":{"start":{"line":22,"column":2},"end":{"line":26,"column":4}},"5":{"start":{"line":29,"column":30},"end":{"line":58,"column":1}},"6":{"start":{"line":31,"column":21},"end":{"line":31,"column":67}},"7":{"start":{"line":32,"column":4},"end":{"line":32,"column":52}},"8":{"start":{"line":36,"column":21},"end":{"line":36,"column":76}},"9":{"start":{"line":37,"column":4},"end":{"line":37,"column":30}},"10":{"start":{"line":41,"column":21},"end":{"line":41,"column":86}},"11":{"start":{"line":42,"column":4},"end":{"line":42,"column":30}},"12":{"start":{"line":46,"column":4},"end":{"line":46,"column":47}},"13":{"start":{"line":50,"column":21},"end":{"line":50,"column":69}},"14":{"start":{"line":51,"column":4},"end":{"line":51,"column":43}},"15":{"start":{"line":55,"column":21},"end":{"line":55,"column":82}},"16":{"start":{"line":56,"column":4},"end":{"line":56,"column":25}}},"fnMap":{"0":{"name":"normalizeDate","decl":{"start":{"line":17,"column":9},"end":{"line":17,"column":22}},"loc":{"start":{"line":17,"column":46},"end":{"line":19,"column":1}},"line":17},"1":{"name":"normalizeProduct","decl":{"start":{"line":21,"column":9},"end":{"line":21,"column":25}},"loc":{"start":{"line":21,"column":47},"end":{"line":27,"column":1}},"line":21},"2":{"name":"(anonymous_2)","decl":{"start":{"line":30,"column":2},"end":{"line":30,"column":3}},"loc":{"start":{"line":30,"column":37},"end":{"line":33,"column":3}},"line":30},"3":{"name":"(anonymous_3)","decl":{"start":{"line":35,"column":2},"end":{"line":35,"column":3}},"loc":{"start":{"line":35,"column":64},"end":{"line":38,"column":3}},"line":35},"4":{"name":"(anonymous_4)","decl":{"start":{"line":40,"column":2},"end":{"line":40,"column":3}},"loc":{"start":{"line":40,"column":76},"end":{"line":43,"column":3}},"line":40},"5":{"name":"(anonymous_5)","decl":{"start":{"line":45,"column":2},"end":{"line":45,"column":3}},"loc":{"start":{"line":45,"column":42},"end":{"line":47,"column":3}},"line":45},"6":{"name":"(anonymous_6)","decl":{"start":{"line":49,"column":2},"end":{"line":49,"column":3}},"loc":{"start":{"line":49,"column":46},"end":{"line":52,"column":3}},"line":49},"7":{"name":"(anonymous_7)","decl":{"start":{"line":54,"column":2},"end":{"line":54,"column":3}},"loc":{"start":{"line":54,"column":47},"end":{"line":57,"column":3}},"line":54}},"branchMap":{"0":{"loc":{"start":{"line":4,"column":17},"end":{"line":4,"column":80}},"type":"binary-expr","locations":[{"start":{"line":4,"column":17},"end":{"line":4,"column":53}},{"start":{"line":4,"column":57},"end":{"line":4,"column":80}}],"line":4},"1":{"loc":{"start":{"line":18,"column":9},"end":{"line":18,"column":47}},"type":"cond-expr","locations":[{"start":{"line":18,"column":17},"end":{"line":18,"column":39}},{"start":{"line":18,"column":42},"end":{"line":18,"column":47}}],"line":18}},"s":{"0":3,"1":3,"2":3,"3":6,"4":3,"5":3,"6":2,"7":1,"8":1,"9":1,"10":1,"11":1,"12":1,"13":3,"14":2,"15":2,"16":2},"f":{"0":6,"1":3,"2":2,"3":1,"4":1,"5":1,"6":3,"7":2},"b":{"0":[3,3],"1":[6,0]},"_coverageSchema":"1a1c01bbd47fc00a2c39e90264f33305004495a9","hash":"3bc9d8a70c463e0bfe5922580b768e134b6b44a8"}
,"/Users/javierandresluisgonzalez/Documents/desarrollo/sofka-u/retos/reto-banco-cuenta/ejercicio-tecnico/proyecto-tecnico/frontend-rn/src/presentation/components/ConfirmModal/ConfirmModal.tsx": {"path":"/Users/javierandresluisgonzalez/Documents/desarrollo/sofka-u/retos/reto-banco-cuenta/ejercicio-tecnico/proyecto-tecnico/frontend-rn/src/presentation/components/ConfirmModal/ConfirmModal.tsx","statementMap":{"0":{"start":{"line":12,"column":2},"end":{"line":49,"column":4}},"1":{"start":{"line":52,"column":15},"end":{"line":112,"column":2}}},"fnMap":{"0":{"name":"ConfirmModal","decl":{"start":{"line":11,"column":16},"end":{"line":11,"column":28}},"loc":{"start":{"line":11,"column":106},"end":{"line":50,"column":1}},"line":11}},"branchMap":{"0":{"loc":{"start":{"line":36,"column":40},"end":{"line":36,"column":72}},"type":"binary-expr","locations":[{"start":{"line":36,"column":40},"end":{"line":36,"column":50}},{"start":{"line":36,"column":54},"end":{"line":36,"column":72}}],"line":36},"1":{"loc":{"start":{"line":42,"column":17},"end":{"line":42,"column":58}},"type":"cond-expr","locations":[{"start":{"line":42,"column":30},"end":{"line":42,"column":45}},{"start":{"line":42,"column":48},"end":{"line":42,"column":58}}],"line":42}},"s":{"0":6,"1":1},"f":{"0":6},"b":{"0":[6,1],"1":[1,5]},"_coverageSchema":"1a1c01bbd47fc00a2c39e90264f33305004495a9","hash":"a85cb6a795e173837daa1e21cff1363b890b3e8c"}
,"/Users/javierandresluisgonzalez/Documents/desarrollo/sofka-u/retos/reto-banco-cuenta/ejercicio-tecnico/proyecto-tecnico/frontend-rn/src/presentation/components/ProductCard/ProductCard.tsx": {"path":"/Users/javierandresluisgonzalez/Documents/desarrollo/sofka-u/retos/reto-banco-cuenta/ejercicio-tecnico/proyecto-tecnico/frontend-rn/src/presentation/components/ProductCard/ProductCard.tsx","statementMap":{"0":{"start":{"line":10,"column":2},"end":{"line":34,"column":4}},"1":{"start":{"line":13,"column":21},"end":{"line":13,"column":59}},"2":{"start":{"line":37,"column":15},"end":{"line":80,"column":2}}},"fnMap":{"0":{"name":"ProductCard","decl":{"start":{"line":9,"column":16},"end":{"line":9,"column":27}},"loc":{"start":{"line":9,"column":59},"end":{"line":35,"column":1}},"line":9},"1":{"name":"(anonymous_1)","decl":{"start":{"line":13,"column":15},"end":{"line":13,"column":16}},"loc":{"start":{"line":13,"column":21},"end":{"line":13,"column":59}},"line":13}},"branchMap":{"0":{"loc":{"start":{"line":18,"column":9},"end":{"line":26,"column":9}},"type":"cond-expr","locations":[{"start":{"line":19,"column":10},"end":{"line":23,"column":12}},{"start":{"line":25,"column":10},"end":{"line":25,"column":46}}],"line":18}},"s":{"0":7,"1":1,"2":2},"f":{"0":7,"1":1},"b":{"0":[4,3]},"_coverageSchema":"1a1c01bbd47fc00a2c39e90264f33305004495a9","hash":"e0b8004036725c3d589abd1b56522bb85e934983"}
,"/Users/javierandresluisgonzalez/Documents/desarrollo/sofka-u/retos/reto-banco-cuenta/ejercicio-tecnico/proyecto-tecnico/frontend-rn/src/presentation/components/ProductForm/ProductForm.tsx": {"path":"/Users/javierandresluisgonzalez/Documents/desarrollo/sofka-u/retos/reto-banco-cuenta/ejercicio-tecnico/proyecto-tecnico/frontend-rn/src/presentation/components/ProductForm/ProductForm.tsx","statementMap":{"0":{"start":{"line":36,"column":2},"end":{"line":151,"column":4}},"1":{"start":{"line":53,"column":33},"end":{"line":53,"column":50}},"2":{"start":{"line":68,"column":33},"end":{"line":68,"column":52}},"3":{"start":{"line":80,"column":33},"end":{"line":80,"column":59}},"4":{"start":{"line":95,"column":33},"end":{"line":95,"column":52}},"5":{"start":{"line":109,"column":35},"end":{"line":109,"column":62}},"6":{"start":{"line":154,"column":15},"end":{"line":247,"column":2}}},"fnMap":{"0":{"name":"ProductForm","decl":{"start":{"line":25,"column":16},"end":{"line":25,"column":27}},"loc":{"start":{"line":35,"column":21},"end":{"line":152,"column":1}},"line":35},"1":{"name":"(anonymous_1)","decl":{"start":{"line":53,"column":26},"end":{"line":53,"column":27}},"loc":{"start":{"line":53,"column":33},"end":{"line":53,"column":50}},"line":53},"2":{"name":"(anonymous_2)","decl":{"start":{"line":68,"column":26},"end":{"line":68,"column":27}},"loc":{"start":{"line":68,"column":33},"end":{"line":68,"column":52}},"line":68},"3":{"name":"(anonymous_3)","decl":{"start":{"line":80,"column":26},"end":{"line":80,"column":27}},"loc":{"start":{"line":80,"column":33},"end":{"line":80,"column":59}},"line":80},"4":{"name":"(anonymous_4)","decl":{"start":{"line":95,"column":26},"end":{"line":95,"column":27}},"loc":{"start":{"line":95,"column":33},"end":{"line":95,"column":52}},"line":95},"5":{"name":"(anonymous_5)","decl":{"start":{"line":109,"column":28},"end":{"line":109,"column":29}},"loc":{"start":{"line":109,"column":35},"end":{"line":109,"column":62}},"line":109}},"branchMap":{"0":{"loc":{"start":{"line":34,"column":2},"end":{"line":34,"column":25}},"type":"default-arg","locations":[{"start":{"line":34,"column":16},"end":{"line":34,"column":25}}],"line":34},"1":{"loc":{"start":{"line":38,"column":16},"end":{"line":38,"column":60}},"type":"cond-expr","locations":[{"start":{"line":38,"column":40},"end":{"line":38,"column":49}},{"start":{"line":38,"column":52},"end":{"line":38,"column":60}}],"line":38},"2":{"loc":{"start":{"line":42,"column":9},"end":{"line":46,"column":9}},"type":"binary-expr","locations":[{"start":{"line":42,"column":9},"end":{"line":42,"column":22}},{"start":{"line":43,"column":10},"end":{"line":45,"column":17}}],"line":42},"3":{"loc":{"start":{"line":51,"column":34},"end":{"line":51,"column":70}},"type":"cond-expr","locations":[{"start":{"line":51,"column":46},"end":{"line":51,"column":63}},{"start":{"line":51,"column":66},"end":{"line":51,"column":70}}],"line":51},"4":{"loc":{"start":{"line":51,"column":72},"end":{"line":51,"column":111}},"type":"cond-expr","locations":[{"start":{"line":51,"column":84},"end":{"line":51,"column":104}},{"start":{"line":51,"column":107},"end":{"line":51,"column":111}}],"line":51},"5":{"loc":{"start":{"line":54,"column":20},"end":{"line":54,"column":53}},"type":"cond-expr","locations":[{"start":{"line":54,"column":33},"end":{"line":54,"column":41}},{"start":{"line":54,"column":44},"end":{"line":54,"column":53}}],"line":54},"6":{"loc":{"start":{"line":60,"column":11},"end":{"line":60,"column":72}},"type":"binary-expr","locations":[{"start":{"line":60,"column":11},"end":{"line":60,"column":20}},{"start":{"line":60,"column":24},"end":{"line":60,"column":72}}],"line":60},"7":{"loc":{"start":{"line":66,"column":34},"end":{"line":66,"column":72}},"type":"cond-expr","locations":[{"start":{"line":66,"column":48},"end":{"line":66,"column":65}},{"start":{"line":66,"column":68},"end":{"line":66,"column":72}}],"line":66},"8":{"loc":{"start":{"line":72,"column":11},"end":{"line":72,"column":76}},"type":"binary-expr","locations":[{"start":{"line":72,"column":11},"end":{"line":72,"column":22}},{"start":{"line":72,"column":26},"end":{"line":72,"column":76}}],"line":72},"9":{"loc":{"start":{"line":78,"column":51},"end":{"line":78,"column":96}},"type":"cond-expr","locations":[{"start":{"line":78,"column":72},"end":{"line":78,"column":89}},{"start":{"line":78,"column":92},"end":{"line":78,"column":96}}],"line":78},"10":{"loc":{"start":{"line":87,"column":11},"end":{"line":87,"column":90}},"type":"binary-expr","locations":[{"start":{"line":87,"column":11},"end":{"line":87,"column":29}},{"start":{"line":87,"column":33},"end":{"line":87,"column":90}}],"line":87},"11":{"loc":{"start":{"line":93,"column":34},"end":{"line":93,"column":72}},"type":"cond-expr","locations":[{"start":{"line":93,"column":48},"end":{"line":93,"column":65}},{"start":{"line":93,"column":68},"end":{"line":93,"column":72}}],"line":93},"12":{"loc":{"start":{"line":100,"column":11},"end":{"line":100,"column":76}},"type":"binary-expr","locations":[{"start":{"line":100,"column":11},"end":{"line":100,"column":22}},{"start":{"line":100,"column":26},"end":{"line":100,"column":76}}],"line":100},"13":{"loc":{"start":{"line":107,"column":36},"end":{"line":107,"column":82}},"type":"cond-expr","locations":[{"start":{"line":107,"column":58},"end":{"line":107,"column":75}},{"start":{"line":107,"column":78},"end":{"line":107,"column":82}}],"line":107},"14":{"loc":{"start":{"line":115,"column":13},"end":{"line":115,"column":94}},"type":"binary-expr","locations":[{"start":{"line":115,"column":13},"end":{"line":115,"column":32}},{"start":{"line":115,"column":36},"end":{"line":115,"column":94}}],"line":115},"15":{"loc":{"start":{"line":131,"column":37},"end":{"line":131,"column":77}},"type":"cond-expr","locations":[{"start":{"line":131,"column":52},"end":{"line":131,"column":70}},{"start":{"line":131,"column":73},"end":{"line":131,"column":77}}],"line":131},"16":{"loc":{"start":{"line":139,"column":38},"end":{"line":139,"column":78}},"type":"cond-expr","locations":[{"start":{"line":139,"column":53},"end":{"line":139,"column":71}},{"start":{"line":139,"column":74},"end":{"line":139,"column":78}}],"line":139},"17":{"loc":{"start":{"line":145,"column":15},"end":{"line":145,"column":58}},"type":"cond-expr","locations":[{"start":{"line":145,"column":30},"end":{"line":145,"column":44}},{"start":{"line":145,"column":47},"end":{"line":145,"column":58}}],"line":145}},"s":{"0":8,"1":0,"2":1,"3":0,"4":0,"5":0,"6":1},"f":{"0":8,"1":0,"2":1,"3":0,"4":0,"5":0},"b":{"0":[7],"1":[8,0],"2":[8,1],"3":[0,8],"4":[1,7],"5":[7,1],"6":[8,0],"7":[1,7],"8":[8,1],"9":[0,8],"10":[8,0],"11":[0,8],"12":[8,0],"13":[0,8],"14":[8,0],"15":[0,8],"16":[0,8],"17":[0,8]},"_coverageSchema":"1a1c01bbd47fc00a2c39e90264f33305004495a9","hash":"5f8aa023c81d15754897b870e8c3816eaedbc7d2"}
,"/Users/javierandresluisgonzalez/Documents/desarrollo/sofka-u/retos/reto-banco-cuenta/ejercicio-tecnico/proyecto-tecnico/frontend-rn/src/presentation/components/ProductList/ProductList.tsx": {"path":"/Users/javierandresluisgonzalez/Documents/desarrollo/sofka-u/retos/reto-banco-cuenta/ejercicio-tecnico/proyecto-tecnico/frontend-rn/src/presentation/components/ProductList/ProductList.tsx","statementMap":{"0":{"start":{"line":12,"column":2},"end":{"line":19,"column":3}},"1":{"start":{"line":13,"column":4},"end":{"line":18,"column":6}},"2":{"start":{"line":21,"column":2},"end":{"line":27,"column":3}},"3":{"start":{"line":22,"column":4},"end":{"line":26,"column":6}},"4":{"start":{"line":29,"column":2},"end":{"line":41,"column":4}},"5":{"start":{"line":32,"column":30},"end":{"line":32,"column":37}},"6":{"start":{"line":33,"column":32},"end":{"line":33,"column":62}},"7":{"start":{"line":44,"column":15},"end":{"line":70,"column":2}}},"fnMap":{"0":{"name":"ProductList","decl":{"start":{"line":11,"column":16},"end":{"line":11,"column":27}},"loc":{"start":{"line":11,"column":76},"end":{"line":42,"column":1}},"line":11},"1":{"name":"(anonymous_1)","decl":{"start":{"line":32,"column":20},"end":{"line":32,"column":21}},"loc":{"start":{"line":32,"column":30},"end":{"line":32,"column":37}},"line":32},"2":{"name":"(anonymous_2)","decl":{"start":{"line":33,"column":18},"end":{"line":33,"column":19}},"loc":{"start":{"line":33,"column":32},"end":{"line":33,"column":62}},"line":33}},"branchMap":{"0":{"loc":{"start":{"line":12,"column":2},"end":{"line":19,"column":3}},"type":"if","locations":[{"start":{"line":12,"column":2},"end":{"line":19,"column":3}},{"start":{},"end":{}}],"line":12},"1":{"loc":{"start":{"line":21,"column":2},"end":{"line":27,"column":3}},"type":"if","locations":[{"start":{"line":21,"column":2},"end":{"line":27,"column":3}},{"start":{},"end":{}}],"line":21}},"s":{"0":4,"1":1,"2":3,"3":1,"4":2,"5":3,"6":2,"7":1},"f":{"0":4,"1":3,"2":2},"b":{"0":[1,3],"1":[1,2]},"_coverageSchema":"1a1c01bbd47fc00a2c39e90264f33305004495a9","hash":"a93670e00912b36bc76ed9ec2d71d04b750ea4d6"}
,"/Users/javierandresluisgonzalez/Documents/desarrollo/sofka-u/retos/reto-banco-cuenta/ejercicio-tecnico/proyecto-tecnico/frontend-rn/src/presentation/components/RecordCount/RecordCount.tsx": {"path":"/Users/javierandresluisgonzalez/Documents/desarrollo/sofka-u/retos/reto-banco-cuenta/ejercicio-tecnico/proyecto-tecnico/frontend-rn/src/presentation/components/RecordCount/RecordCount.tsx","statementMap":{"0":{"start":{"line":8,"column":2},"end":{"line":16,"column":4}},"1":{"start":{"line":19,"column":15},"end":{"line":27,"column":2}}},"fnMap":{"0":{"name":"RecordCount","decl":{"start":{"line":7,"column":16},"end":{"line":7,"column":27}},"loc":{"start":{"line":7,"column":57},"end":{"line":17,"column":1}},"line":7}},"branchMap":{"0":{"loc":{"start":{"line":12,"column":38},"end":{"line":12,"column":78}},"type":"cond-expr","locations":[{"start":{"line":12,"column":52},"end":{"line":12,"column":63}},{"start":{"line":12,"column":66},"end":{"line":12,"column":78}}],"line":12},"1":{"loc":{"start":{"line":14,"column":15},"end":{"line":14,"column":55}},"type":"cond-expr","locations":[{"start":{"line":14,"column":29},"end":{"line":14,"column":40}},{"start":{"line":14,"column":43},"end":{"line":14,"column":55}}],"line":14}},"s":{"0":3,"1":1},"f":{"0":3},"b":{"0":[1,2],"1":[1,2]},"_coverageSchema":"1a1c01bbd47fc00a2c39e90264f33305004495a9","hash":"cfa136f2d859df42642732eceae6f9376071df01"}
,"/Users/javierandresluisgonzalez/Documents/desarrollo/sofka-u/retos/reto-banco-cuenta/ejercicio-tecnico/proyecto-tecnico/frontend-rn/src/presentation/components/SearchBar/SearchBar.tsx": {"path":"/Users/javierandresluisgonzalez/Documents/desarrollo/sofka-u/retos/reto-banco-cuenta/ejercicio-tecnico/proyecto-tecnico/frontend-rn/src/presentation/components/SearchBar/SearchBar.tsx","statementMap":{"0":{"start":{"line":9,"column":2},"end":{"line":19,"column":4}},"1":{"start":{"line":22,"column":15},"end":{"line":34,"column":2}}},"fnMap":{"0":{"name":"SearchBar","decl":{"start":{"line":8,"column":16},"end":{"line":8,"column":25}},"loc":{"start":{"line":8,"column":63},"end":{"line":20,"column":1}},"line":8}},"branchMap":{},"s":{"0":4,"1":1},"f":{"0":4},"b":{},"_coverageSchema":"1a1c01bbd47fc00a2c39e90264f33305004495a9","hash":"bc8829a25c67f7bd3896d9f4b5e5641809e0f4d1"}
}
