TN:
SF:src/application/hooks/useProductForm.ts
FN:24,addOneYear
FN:30,todayStr
FN:34,validateField
FN:63,validateAll
FN:65,(anonymous_4)
FN:90,useProductForm
FN:102,(anonymous_6)
FN:112,(anonymous_7)
FN:115,(anonymous_8)
FN:118,(anonymous_9)
FN:124,(anonymous_10)
FN:126,(anonymous_11)
FN:133,(anonymous_12)
FN:145,(anonymous_13)
FN:151,(anonymous_14)
FNF:15
FNH:13
FNDA:2,addOneYear
FNDA:3,todayStr
FNDA:28,validateField
FNDA:3,validateAll
FNDA:18,(anonymous_4)
FNDA:25,useProductForm
FNDA:11,(anonymous_6)
FNDA:11,(anonymous_7)
FNDA:2,(anonymous_8)
FNDA:0,(anonymous_9)
FNDA:1,(anonymous_10)
FNDA:1,(anonymous_11)
FNDA:3,(anonymous_12)
FNDA:0,(anonymous_13)
FNDA:1,(anonymous_14)
DA:15,1
DA:25,2
DA:26,2
DA:27,2
DA:31,3
DA:35,28
DA:37,8
DA:38,6
DA:39,6
DA:40,6
DA:42,7
DA:43,6
DA:44,3
DA:45,3
DA:47,4
DA:48,2
DA:49,2
DA:50,2
DA:52,4
DA:53,2
DA:55,5
DA:56,3
DA:57,3
DA:59,0
DA:64,3
DA:65,3
DA:66,18
DA:67,15
DA:68,15
DA:70,3
DA:95,25
DA:99,25
DA:100,25
DA:102,25
DA:103,11
DA:105,11
DA:106,2
DA:109,11
DA:111,11
DA:112,11
DA:115,25
DA:116,2
DA:117,2
DA:118,0
DA:119,0
DA:121,2
DA:122,2
DA:123,2
DA:124,1
DA:126,1
DA:133,25
DA:134,3
DA:135,3
DA:136,2
DA:137,2
DA:139,1
DA:141,1
DA:142,1
DA:143,1
DA:145,0
DA:147,1
DA:151,25
DA:152,1
DA:153,1
DA:156,25
LF:65
LH:61
BRDA:35,0,0,8
BRDA:35,0,1,7
BRDA:35,0,2,4
BRDA:35,0,3,4
BRDA:35,0,4,5
BRDA:35,0,5,0
BRDA:37,1,0,2
BRDA:37,1,1,6
BRDA:38,2,0,0
BRDA:38,2,1,6
BRDA:39,3,0,0
BRDA:39,3,1,6
BRDA:42,4,0,1
BRDA:42,4,1,6
BRDA:43,5,0,3
BRDA:43,5,1,3
BRDA:44,6,0,0
BRDA:44,6,1,3
BRDA:47,7,0,2
BRDA:47,7,1,2
BRDA:48,8,0,0
BRDA:48,8,1,2
BRDA:49,9,0,0
BRDA:49,9,1,2
BRDA:52,10,0,2
BRDA:52,10,1,2
BRDA:55,11,0,2
BRDA:55,11,1,3
BRDA:56,12,0,0
BRDA:56,12,1,3
BRDA:66,13,0,3
BRDA:66,13,1,15
BRDA:68,14,0,10
BRDA:68,14,1,5
BRDA:92,15,0,25
BRDA:105,16,0,2
BRDA:105,16,1,9
BRDA:105,17,0,11
BRDA:105,17,1,2
BRDA:111,18,0,11
BRDA:111,18,1,0
BRDA:112,19,0,11
BRDA:112,19,1,9
BRDA:117,20,0,0
BRDA:117,20,1,2
BRDA:123,21,0,1
BRDA:123,21,1,1
BRDA:135,22,0,2
BRDA:135,22,1,1
BRDA:139,23,0,0
BRDA:139,23,1,1
BRDA:152,24,0,0
BRDA:152,24,1,1
BRDA:152,25,0,1
BRDA:152,25,1,0
BRDA:152,26,0,0
BRDA:152,26,1,0
BRF:57
BRH:43
end_of_record
TN:
SF:src/application/hooks/useProducts.ts
FN:12,useProducts
FN:17,(anonymous_1)
FN:31,(anonymous_2)
FNF:3
FNH:3
FNDA:9,useProducts
FNDA:5,(anonymous_1)
FNDA:4,(anonymous_2)
DA:13,9
DA:14,9
DA:15,9
DA:17,9
DA:18,5
DA:19,5
DA:20,5
DA:21,5
DA:22,3
DA:24,1
DA:25,1
DA:27,4
DA:31,9
DA:32,4
DA:35,9
LF:15
LH:15
BRF:0
BRH:0
end_of_record
TN:
SF:src/application/hooks/useSearch.ts
FN:10,useSearch
FN:13,(anonymous_1)
FN:17,(anonymous_2)
FNF:3
FNH:3
FNDA:10,useSearch
FNDA:10,(anonymous_1)
FNDA:8,(anonymous_2)
DA:11,10
DA:13,10
DA:14,10
DA:15,10
DA:16,4
DA:18,8
DA:23,10
LF:7
LH:7
BRDA:15,0,0,6
BRDA:15,0,1,4
BRDA:18,1,0,8
BRDA:18,1,1,6
BRF:4
BRH:4
end_of_record
TN:
SF:src/application/usecases/createProduct.ts
FN:4,createProduct
FNF:1
FNH:0
FNDA:0,createProduct
DA:5,0
LF:1
LH:0
BRF:0
BRH:0
end_of_record
TN:
SF:src/application/usecases/deleteProduct.ts
FN:3,deleteProduct
FNF:1
FNH:0
FNDA:0,deleteProduct
DA:4,0
LF:1
LH:0
BRF:0
BRH:0
end_of_record
TN:
SF:src/application/usecases/updateProduct.ts
FN:5,updateProduct
FNF:1
FNH:0
FNDA:0,updateProduct
DA:6,0
DA:13,0
LF:2
LH:0
BRF:0
BRH:0
end_of_record
TN:
SF:src/domain/models/Product.ts
FNF:0
FNH:0
LF:0
LH:0
BRF:0
BRH:0
end_of_record
TN:
SF:src/infrastructure/api/productService.ts
FN:17,normalizeDate
FN:21,normalizeProduct
FN:30,(anonymous_2)
FN:35,(anonymous_3)
FN:40,(anonymous_4)
FN:45,(anonymous_5)
FN:49,(anonymous_6)
FN:54,(anonymous_7)
FNF:8
FNH:8
FNDA:6,normalizeDate
FNDA:3,normalizeProduct
FNDA:2,(anonymous_2)
FNDA:1,(anonymous_3)
FNDA:1,(anonymous_4)
FNDA:1,(anonymous_5)
FNDA:3,(anonymous_6)
FNDA:2,(anonymous_7)
DA:4,3
DA:5,3
DA:7,3
DA:18,6
DA:22,3
DA:29,3
DA:31,2
DA:32,1
DA:36,1
DA:37,1
DA:41,1
DA:42,1
DA:46,1
DA:50,3
DA:51,2
DA:55,2
DA:56,2
LF:17
LH:17
BRDA:4,0,0,3
BRDA:4,0,1,3
BRDA:18,1,0,6
BRDA:18,1,1,0
BRF:4
BRH:3
end_of_record
TN:
SF:src/presentation/components/ConfirmModal/ConfirmModal.tsx
FN:11,ConfirmModal
FNF:1
FNH:1
FNDA:6,ConfirmModal
DA:12,6
DA:52,1
LF:2
LH:2
BRDA:36,0,0,6
BRDA:36,0,1,1
BRDA:42,1,0,1
BRDA:42,1,1,5
BRF:4
BRH:4
end_of_record
TN:
SF:src/presentation/components/ProductCard/ProductCard.tsx
FN:9,ProductCard
FN:13,(anonymous_1)
FNF:2
FNH:2
FNDA:7,ProductCard
FNDA:1,(anonymous_1)
DA:10,7
DA:13,1
DA:37,2
LF:3
LH:3
BRDA:18,0,0,4
BRDA:18,0,1,3
BRF:2
BRH:2
end_of_record
TN:
SF:src/presentation/components/ProductForm/ProductForm.tsx
FN:25,ProductForm
FN:53,(anonymous_1)
FN:68,(anonymous_2)
FN:80,(anonymous_3)
FN:95,(anonymous_4)
FN:109,(anonymous_5)
FNF:6
FNH:2
FNDA:8,ProductForm
FNDA:0,(anonymous_1)
FNDA:1,(anonymous_2)
FNDA:0,(anonymous_3)
FNDA:0,(anonymous_4)
FNDA:0,(anonymous_5)
DA:36,8
DA:53,0
DA:68,1
DA:80,0
DA:95,0
DA:109,0
DA:154,1
LF:7
LH:3
BRDA:34,0,0,7
BRDA:38,1,0,8
BRDA:38,1,1,0
BRDA:42,2,0,8
BRDA:42,2,1,1
BRDA:51,3,0,0
BRDA:51,3,1,8
BRDA:51,4,0,1
BRDA:51,4,1,7
BRDA:54,5,0,7
BRDA:54,5,1,1
BRDA:60,6,0,8
BRDA:60,6,1,0
BRDA:66,7,0,1
BRDA:66,7,1,7
BRDA:72,8,0,8
BRDA:72,8,1,1
BRDA:78,9,0,0
BRDA:78,9,1,8
BRDA:87,10,0,8
BRDA:87,10,1,0
BRDA:93,11,0,0
BRDA:93,11,1,8
BRDA:100,12,0,8
BRDA:100,12,1,0
BRDA:107,13,0,0
BRDA:107,13,1,8
BRDA:115,14,0,8
BRDA:115,14,1,0
BRDA:131,15,0,0
BRDA:131,15,1,8
BRDA:139,16,0,0
BRDA:139,16,1,8
BRDA:145,17,0,0
BRDA:145,17,1,8
BRF:35
BRH:23
end_of_record
TN:
SF:src/presentation/components/ProductList/ProductList.tsx
FN:11,ProductList
FN:32,(anonymous_1)
FN:33,(anonymous_2)
FNF:3
FNH:3
FNDA:4,ProductList
FNDA:3,(anonymous_1)
FNDA:2,(anonymous_2)
DA:12,4
DA:13,1
DA:21,3
DA:22,1
DA:29,2
DA:32,3
DA:33,2
DA:44,1
LF:8
LH:8
BRDA:12,0,0,1
BRDA:12,0,1,3
BRDA:21,1,0,1
BRDA:21,1,1,2
BRF:4
BRH:4
end_of_record
TN:
SF:src/presentation/components/RecordCount/RecordCount.tsx
FN:7,RecordCount
FNF:1
FNH:1
FNDA:3,RecordCount
DA:8,3
DA:19,1
LF:2
LH:2
BRDA:12,0,0,1
BRDA:12,0,1,2
BRDA:14,1,0,1
BRDA:14,1,1,2
BRF:4
BRH:4
end_of_record
TN:
SF:src/presentation/components/SearchBar/SearchBar.tsx
FN:8,SearchBar
FNF:1
FNH:1
FNDA:4,SearchBar
DA:9,4
DA:22,1
LF:2
LH:2
BRF:0
BRH:0
end_of_record
